2011/11/08 23:17:56 [error] [exception.CHttpException.404] exception 'CHttpException' with message 'Unable to resolve the request "favicon.ico".' in /var/www/yii-1.1.8.r3324/framework/web/CWebApplication.php:281
Stack trace:
#0 /var/www/yii-1.1.8.r3324/framework/web/CWebApplication.php(136): CWebApplication->runController('favicon.ico')
#1 /var/www/yii-1.1.8.r3324/framework/base/CApplication.php(158): CWebApplication->processRequest()
#2 /var/www/PHPJobManager/index.php(13): CApplication->run()
#3 {main} REQUEST_URI=/favicon.ico
2011/11/08 23:17:59 [error] [exception.CHttpException.404] exception 'CHttpException' with message 'Unable to resolve the request "css/main.css".' in /var/www/yii-1.1.8.r3324/framework/web/CWebApplication.php:281
Stack trace:
#0 /var/www/yii-1.1.8.r3324/framework/web/CWebApplication.php(136): CWebApplication->runController('css/main.css')
#1 /var/www/yii-1.1.8.r3324/framework/base/CApplication.php(158): CWebApplication->processRequest()
#2 /var/www/PHPJobManager/index.php(13): CApplication->run()
#3 {main} REQUEST_URI=/css/main.css
2011/11/08 23:17:59 [error] [exception.CHttpException.404] exception 'CHttpException' with message 'Unable to resolve the request "css/screen.css".' in /var/www/yii-1.1.8.r3324/framework/web/CWebApplication.php:281
Stack trace:
#0 /var/www/yii-1.1.8.r3324/framework/web/CWebApplication.php(136): CWebApplication->runController('css/screen.css')
#1 /var/www/yii-1.1.8.r3324/framework/base/CApplication.php(158): CWebApplication->processRequest()
#2 /var/www/PHPJobManager/index.php(13): CApplication->run()
#3 {main} REQUEST_URI=/css/screen.css
2011/11/08 23:17:59 [error] [exception.CHttpException.404] exception 'CHttpException' with message 'Unable to resolve the request "css/form.css".' in /var/www/yii-1.1.8.r3324/framework/web/CWebApplication.php:281
Stack trace:
#0 /var/www/yii-1.1.8.r3324/framework/web/CWebApplication.php(136): CWebApplication->runController('css/form.css')
#1 /var/www/yii-1.1.8.r3324/framework/base/CApplication.php(158): CWebApplication->processRequest()
#2 /var/www/PHPJobManager/index.php(13): CApplication->run()
#3 {main} REQUEST_URI=/css/form.css
2011/11/08 23:17:59 [error] [exception.CHttpException.404] exception 'CHttpException' with message 'Unable to resolve the request "css/print.css".' in /var/www/yii-1.1.8.r3324/framework/web/CWebApplication.php:281
Stack trace:
#0 /var/www/yii-1.1.8.r3324/framework/web/CWebApplication.php(136): CWebApplication->runController('css/print.css')
#1 /var/www/yii-1.1.8.r3324/framework/base/CApplication.php(158): CWebApplication->processRequest()
#2 /var/www/PHPJobManager/index.php(13): CApplication->run()
#3 {main} REQUEST_URI=/css/print.css
2011/11/08 23:17:59 [error] [exception.CHttpException.404] exception 'CHttpException' with message 'Unable to resolve the request "favicon.ico".' in /var/www/yii-1.1.8.r3324/framework/web/CWebApplication.php:281
Stack trace:
#0 /var/www/yii-1.1.8.r3324/framework/web/CWebApplication.php(136): CWebApplication->runController('favicon.ico')
#1 /var/www/yii-1.1.8.r3324/framework/base/CApplication.php(158): CWebApplication->processRequest()
#2 /var/www/PHPJobManager/index.php(13): CApplication->run()
#3 {main} REQUEST_URI=/favicon.ico
2011/11/08 23:18:05 [error] [exception.CHttpException.404] exception 'CHttpException' with message 'Unable to resolve the request "css/screen.css".' in /var/www/yii-1.1.8.r3324/framework/web/CWebApplication.php:281
Stack trace:
#0 /var/www/yii-1.1.8.r3324/framework/web/CWebApplication.php(136): CWebApplication->runController('css/screen.css')
#1 /var/www/yii-1.1.8.r3324/framework/base/CApplication.php(158): CWebApplication->processRequest()
#2 /var/www/PHPJobManager/index.php(13): CApplication->run()
#3 {main} REQUEST_URI=/css/screen.css
2011/11/08 23:18:05 [error] [exception.CHttpException.404] exception 'CHttpException' with message 'Unable to resolve the request "css/form.css".' in /var/www/yii-1.1.8.r3324/framework/web/CWebApplication.php:281
Stack trace:
#0 /var/www/yii-1.1.8.r3324/framework/web/CWebApplication.php(136): CWebApplication->runController('css/form.css')
#1 /var/www/yii-1.1.8.r3324/framework/base/CApplication.php(158): CWebApplication->processRequest()
#2 /var/www/PHPJobManager/index.php(13): CApplication->run()
#3 {main} REQUEST_URI=/css/form.css
2011/11/08 23:18:05 [error] [exception.CHttpException.404] exception 'CHttpException' with message 'Unable to resolve the request "css/main.css".' in /var/www/yii-1.1.8.r3324/framework/web/CWebApplication.php:281
Stack trace:
#0 /var/www/yii-1.1.8.r3324/framework/web/CWebApplication.php(136): CWebApplication->runController('css/main.css')
#1 /var/www/yii-1.1.8.r3324/framework/base/CApplication.php(158): CWebApplication->processRequest()
#2 /var/www/PHPJobManager/index.php(13): CApplication->run()
#3 {main} REQUEST_URI=/css/main.css
2011/11/08 23:18:05 [error] [exception.CHttpException.404] exception 'CHttpException' with message 'Unable to resolve the request "css/print.css".' in /var/www/yii-1.1.8.r3324/framework/web/CWebApplication.php:281
Stack trace:
#0 /var/www/yii-1.1.8.r3324/framework/web/CWebApplication.php(136): CWebApplication->runController('css/print.css')
#1 /var/www/yii-1.1.8.r3324/framework/base/CApplication.php(158): CWebApplication->processRequest()
#2 /var/www/PHPJobManager/index.php(13): CApplication->run()
#3 {main} REQUEST_URI=/css/print.css
2011/11/08 23:18:05 [error] [exception.CHttpException.404] exception 'CHttpException' with message 'Unable to resolve the request "favicon.ico".' in /var/www/yii-1.1.8.r3324/framework/web/CWebApplication.php:281
Stack trace:
#0 /var/www/yii-1.1.8.r3324/framework/web/CWebApplication.php(136): CWebApplication->runController('favicon.ico')
#1 /var/www/yii-1.1.8.r3324/framework/base/CApplication.php(158): CWebApplication->processRequest()
#2 /var/www/PHPJobManager/index.php(13): CApplication->run()
#3 {main} REQUEST_URI=/favicon.ico
2011/11/08 23:19:50 [error] [exception.CHttpException.404] exception 'CHttpException' with message 'Unable to resolve the request "css/screen.css".' in /var/www/yii-1.1.8.r3324/framework/web/CWebApplication.php:281
Stack trace:
#0 /var/www/yii-1.1.8.r3324/framework/web/CWebApplication.php(136): CWebApplication->runController('css/screen.css')
#1 /var/www/yii-1.1.8.r3324/framework/base/CApplication.php(158): CWebApplication->processRequest()
#2 /var/www/PHPJobManager/index.php(13): CApplication->run()
#3 {main} REQUEST_URI=/css/screen.css
2011/11/08 23:19:50 [error] [exception.CHttpException.404] exception 'CHttpException' with message 'Unable to resolve the request "css/main.css".' in /var/www/yii-1.1.8.r3324/framework/web/CWebApplication.php:281
Stack trace:
#0 /var/www/yii-1.1.8.r3324/framework/web/CWebApplication.php(136): CWebApplication->runController('css/main.css')
#1 /var/www/yii-1.1.8.r3324/framework/base/CApplication.php(158): CWebApplication->processRequest()
#2 /var/www/PHPJobManager/index.php(13): CApplication->run()
#3 {main} REQUEST_URI=/css/main.css
2011/11/08 23:19:50 [error] [exception.CHttpException.404] exception 'CHttpException' with message 'Unable to resolve the request "css/form.css".' in /var/www/yii-1.1.8.r3324/framework/web/CWebApplication.php:281
Stack trace:
#0 /var/www/yii-1.1.8.r3324/framework/web/CWebApplication.php(136): CWebApplication->runController('css/form.css')
#1 /var/www/yii-1.1.8.r3324/framework/base/CApplication.php(158): CWebApplication->processRequest()
#2 /var/www/PHPJobManager/index.php(13): CApplication->run()
#3 {main} REQUEST_URI=/css/form.css
2011/11/08 23:19:50 [error] [exception.CHttpException.404] exception 'CHttpException' with message 'Unable to resolve the request "css/print.css".' in /var/www/yii-1.1.8.r3324/framework/web/CWebApplication.php:281
Stack trace:
#0 /var/www/yii-1.1.8.r3324/framework/web/CWebApplication.php(136): CWebApplication->runController('css/print.css')
#1 /var/www/yii-1.1.8.r3324/framework/base/CApplication.php(158): CWebApplication->processRequest()
#2 /var/www/PHPJobManager/index.php(13): CApplication->run()
#3 {main} REQUEST_URI=/css/print.css
2011/11/08 23:19:50 [error] [exception.CHttpException.404] exception 'CHttpException' with message 'Unable to resolve the request "favicon.ico".' in /var/www/yii-1.1.8.r3324/framework/web/CWebApplication.php:281
Stack trace:
#0 /var/www/yii-1.1.8.r3324/framework/web/CWebApplication.php(136): CWebApplication->runController('favicon.ico')
#1 /var/www/yii-1.1.8.r3324/framework/base/CApplication.php(158): CWebApplication->processRequest()
#2 /var/www/PHPJobManager/index.php(13): CApplication->run()
#3 {main} REQUEST_URI=/favicon.ico
2011/11/08 23:19:53 [error] [exception.CHttpException.404] exception 'CHttpException' with message 'Unable to resolve the request "css/screen.css".' in /var/www/yii-1.1.8.r3324/framework/web/CWebApplication.php:281
Stack trace:
#0 /var/www/yii-1.1.8.r3324/framework/web/CWebApplication.php(136): CWebApplication->runController('css/screen.css')
#1 /var/www/yii-1.1.8.r3324/framework/base/CApplication.php(158): CWebApplication->processRequest()
#2 /var/www/PHPJobManager/index.php(13): CApplication->run()
#3 {main} REQUEST_URI=/css/screen.css
2011/11/08 23:19:53 [error] [exception.CHttpException.404] exception 'CHttpException' with message 'Unable to resolve the request "css/main.css".' in /var/www/yii-1.1.8.r3324/framework/web/CWebApplication.php:281
Stack trace:
#0 /var/www/yii-1.1.8.r3324/framework/web/CWebApplication.php(136): CWebApplication->runController('css/main.css')
#1 /var/www/yii-1.1.8.r3324/framework/base/CApplication.php(158): CWebApplication->processRequest()
#2 /var/www/PHPJobManager/index.php(13): CApplication->run()
#3 {main} REQUEST_URI=/css/main.css
2011/11/08 23:19:53 [error] [exception.CHttpException.404] exception 'CHttpException' with message 'Unable to resolve the request "css/form.css".' in /var/www/yii-1.1.8.r3324/framework/web/CWebApplication.php:281
Stack trace:
#0 /var/www/yii-1.1.8.r3324/framework/web/CWebApplication.php(136): CWebApplication->runController('css/form.css')
#1 /var/www/yii-1.1.8.r3324/framework/base/CApplication.php(158): CWebApplication->processRequest()
#2 /var/www/PHPJobManager/index.php(13): CApplication->run()
#3 {main} REQUEST_URI=/css/form.css
2011/11/08 23:19:53 [error] [exception.CHttpException.404] exception 'CHttpException' with message 'Unable to resolve the request "css/print.css".' in /var/www/yii-1.1.8.r3324/framework/web/CWebApplication.php:281
Stack trace:
#0 /var/www/yii-1.1.8.r3324/framework/web/CWebApplication.php(136): CWebApplication->runController('css/print.css')
#1 /var/www/yii-1.1.8.r3324/framework/base/CApplication.php(158): CWebApplication->processRequest()
#2 /var/www/PHPJobManager/index.php(13): CApplication->run()
#3 {main} REQUEST_URI=/css/print.css
2011/11/08 23:19:53 [error] [exception.CHttpException.404] exception 'CHttpException' with message 'Unable to resolve the request "favicon.ico".' in /var/www/yii-1.1.8.r3324/framework/web/CWebApplication.php:281
Stack trace:
#0 /var/www/yii-1.1.8.r3324/framework/web/CWebApplication.php(136): CWebApplication->runController('favicon.ico')
#1 /var/www/yii-1.1.8.r3324/framework/base/CApplication.php(158): CWebApplication->processRequest()
#2 /var/www/PHPJobManager/index.php(13): CApplication->run()
#3 {main} REQUEST_URI=/favicon.ico
2011/11/08 23:19:54 [error] [exception.CHttpException.404] exception 'CHttpException' with message 'Unable to resolve the request "css/main.css".' in /var/www/yii-1.1.8.r3324/framework/web/CWebApplication.php:281
Stack trace:
#0 /var/www/yii-1.1.8.r3324/framework/web/CWebApplication.php(136): CWebApplication->runController('css/main.css')
#1 /var/www/yii-1.1.8.r3324/framework/base/CApplication.php(158): CWebApplication->processRequest()
#2 /var/www/PHPJobManager/index.php(13): CApplication->run()
#3 {main} REQUEST_URI=/css/main.css
2011/11/08 23:19:54 [error] [exception.CHttpException.404] exception 'CHttpException' with message 'Unable to resolve the request "css/form.css".' in /var/www/yii-1.1.8.r3324/framework/web/CWebApplication.php:281
Stack trace:
#0 /var/www/yii-1.1.8.r3324/framework/web/CWebApplication.php(136): CWebApplication->runController('css/form.css')
#1 /var/www/yii-1.1.8.r3324/framework/base/CApplication.php(158): CWebApplication->processRequest()
#2 /var/www/PHPJobManager/index.php(13): CApplication->run()
#3 {main} REQUEST_URI=/css/form.css
2011/11/08 23:19:54 [error] [exception.CHttpException.404] exception 'CHttpException' with message 'Unable to resolve the request "css/screen.css".' in /var/www/yii-1.1.8.r3324/framework/web/CWebApplication.php:281
Stack trace:
#0 /var/www/yii-1.1.8.r3324/framework/web/CWebApplication.php(136): CWebApplication->runController('css/screen.css')
#1 /var/www/yii-1.1.8.r3324/framework/base/CApplication.php(158): CWebApplication->processRequest()
#2 /var/www/PHPJobManager/index.php(13): CApplication->run()
#3 {main} REQUEST_URI=/css/screen.css
2011/11/08 23:19:54 [error] [exception.CHttpException.404] exception 'CHttpException' with message 'Unable to resolve the request "css/print.css".' in /var/www/yii-1.1.8.r3324/framework/web/CWebApplication.php:281
Stack trace:
#0 /var/www/yii-1.1.8.r3324/framework/web/CWebApplication.php(136): CWebApplication->runController('css/print.css')
#1 /var/www/yii-1.1.8.r3324/framework/base/CApplication.php(158): CWebApplication->processRequest()
#2 /var/www/PHPJobManager/index.php(13): CApplication->run()
#3 {main} REQUEST_URI=/css/print.css
2011/11/08 23:19:54 [error] [exception.CHttpException.404] exception 'CHttpException' with message 'Unable to resolve the request "favicon.ico".' in /var/www/yii-1.1.8.r3324/framework/web/CWebApplication.php:281
Stack trace:
#0 /var/www/yii-1.1.8.r3324/framework/web/CWebApplication.php(136): CWebApplication->runController('favicon.ico')
#1 /var/www/yii-1.1.8.r3324/framework/base/CApplication.php(158): CWebApplication->processRequest()
#2 /var/www/PHPJobManager/index.php(13): CApplication->run()
#3 {main} REQUEST_URI=/favicon.ico
2011/11/08 23:19:59 [error] [exception.CHttpException.404] exception 'CHttpException' with message 'Unable to resolve the request "css/main.css".' in /var/www/yii-1.1.8.r3324/framework/web/CWebApplication.php:281
Stack trace:
#0 /var/www/yii-1.1.8.r3324/framework/web/CWebApplication.php(136): CWebApplication->runController('css/main.css')
#1 /var/www/yii-1.1.8.r3324/framework/base/CApplication.php(158): CWebApplication->processRequest()
#2 /var/www/PHPJobManager/index.php(13): CApplication->run()
#3 {main} REQUEST_URI=/css/main.css
2011/11/08 23:19:59 [error] [exception.CHttpException.404] exception 'CHttpException' with message 'Unable to resolve the request "css/form.css".' in /var/www/yii-1.1.8.r3324/framework/web/CWebApplication.php:281
Stack trace:
#0 /var/www/yii-1.1.8.r3324/framework/web/CWebApplication.php(136): CWebApplication->runController('css/form.css')
#1 /var/www/yii-1.1.8.r3324/framework/base/CApplication.php(158): CWebApplication->processRequest()
#2 /var/www/PHPJobManager/index.php(13): CApplication->run()
#3 {main} REQUEST_URI=/css/form.css
2011/11/08 23:19:59 [error] [exception.CHttpException.404] exception 'CHttpException' with message 'Unable to resolve the request "css/screen.css".' in /var/www/yii-1.1.8.r3324/framework/web/CWebApplication.php:281
Stack trace:
#0 /var/www/yii-1.1.8.r3324/framework/web/CWebApplication.php(136): CWebApplication->runController('css/screen.css')
#1 /var/www/yii-1.1.8.r3324/framework/base/CApplication.php(158): CWebApplication->processRequest()
#2 /var/www/PHPJobManager/index.php(13): CApplication->run()
#3 {main} REQUEST_URI=/css/screen.css
2011/11/08 23:19:59 [error] [exception.CHttpException.404] exception 'CHttpException' with message 'Unable to resolve the request "css/print.css".' in /var/www/yii-1.1.8.r3324/framework/web/CWebApplication.php:281
Stack trace:
#0 /var/www/yii-1.1.8.r3324/framework/web/CWebApplication.php(136): CWebApplication->runController('css/print.css')
#1 /var/www/yii-1.1.8.r3324/framework/base/CApplication.php(158): CWebApplication->processRequest()
#2 /var/www/PHPJobManager/index.php(13): CApplication->run()
#3 {main} REQUEST_URI=/css/print.css
2011/11/08 23:19:59 [error] [exception.CHttpException.404] exception 'CHttpException' with message 'Unable to resolve the request "favicon.ico".' in /var/www/yii-1.1.8.r3324/framework/web/CWebApplication.php:281
Stack trace:
#0 /var/www/yii-1.1.8.r3324/framework/web/CWebApplication.php(136): CWebApplication->runController('favicon.ico')
#1 /var/www/yii-1.1.8.r3324/framework/base/CApplication.php(158): CWebApplication->processRequest()
#2 /var/www/PHPJobManager/index.php(13): CApplication->run()
#3 {main} REQUEST_URI=/favicon.ico
2011/11/08 23:20:00 [error] [exception.CHttpException.404] exception 'CHttpException' with message 'Unable to resolve the request "css/form.css".' in /var/www/yii-1.1.8.r3324/framework/web/CWebApplication.php:281
Stack trace:
#0 /var/www/yii-1.1.8.r3324/framework/web/CWebApplication.php(136): CWebApplication->runController('css/form.css')
#1 /var/www/yii-1.1.8.r3324/framework/base/CApplication.php(158): CWebApplication->processRequest()
#2 /var/www/PHPJobManager/index.php(13): CApplication->run()
#3 {main} REQUEST_URI=/css/form.css
2011/11/08 23:20:00 [error] [exception.CHttpException.404] exception 'CHttpException' with message 'Unable to resolve the request "css/main.css".' in /var/www/yii-1.1.8.r3324/framework/web/CWebApplication.php:281
Stack trace:
#0 /var/www/yii-1.1.8.r3324/framework/web/CWebApplication.php(136): CWebApplication->runController('css/main.css')
#1 /var/www/yii-1.1.8.r3324/framework/base/CApplication.php(158): CWebApplication->processRequest()
#2 /var/www/PHPJobManager/index.php(13): CApplication->run()
#3 {main} REQUEST_URI=/css/main.css
2011/11/08 23:20:00 [error] [exception.CHttpException.404] exception 'CHttpException' with message 'Unable to resolve the request "css/screen.css".' in /var/www/yii-1.1.8.r3324/framework/web/CWebApplication.php:281
Stack trace:
#0 /var/www/yii-1.1.8.r3324/framework/web/CWebApplication.php(136): CWebApplication->runController('css/screen.css')
#1 /var/www/yii-1.1.8.r3324/framework/base/CApplication.php(158): CWebApplication->processRequest()
#2 /var/www/PHPJobManager/index.php(13): CApplication->run()
#3 {main} REQUEST_URI=/css/screen.css
2011/11/08 23:20:00 [error] [exception.CHttpException.404] exception 'CHttpException' with message 'Unable to resolve the request "css/print.css".' in /var/www/yii-1.1.8.r3324/framework/web/CWebApplication.php:281
Stack trace:
#0 /var/www/yii-1.1.8.r3324/framework/web/CWebApplication.php(136): CWebApplication->runController('css/print.css')
#1 /var/www/yii-1.1.8.r3324/framework/base/CApplication.php(158): CWebApplication->processRequest()
#2 /var/www/PHPJobManager/index.php(13): CApplication->run()
#3 {main} REQUEST_URI=/css/print.css
2011/11/08 23:20:00 [error] [exception.CHttpException.404] exception 'CHttpException' with message 'Unable to resolve the request "favicon.ico".' in /var/www/yii-1.1.8.r3324/framework/web/CWebApplication.php:281
Stack trace:
#0 /var/www/yii-1.1.8.r3324/framework/web/CWebApplication.php(136): CWebApplication->runController('favicon.ico')
#1 /var/www/yii-1.1.8.r3324/framework/base/CApplication.php(158): CWebApplication->processRequest()
#2 /var/www/PHPJobManager/index.php(13): CApplication->run()
#3 {main} REQUEST_URI=/favicon.ico
2011/11/08 23:20:01 [error] [exception.CHttpException.404] exception 'CHttpException' with message 'Unable to resolve the request "css/main.css".' in /var/www/yii-1.1.8.r3324/framework/web/CWebApplication.php:281
Stack trace:
#0 /var/www/yii-1.1.8.r3324/framework/web/CWebApplication.php(136): CWebApplication->runController('css/main.css')
#1 /var/www/yii-1.1.8.r3324/framework/base/CApplication.php(158): CWebApplication->processRequest()
#2 /var/www/PHPJobManager/index.php(13): CApplication->run()
#3 {main} REQUEST_URI=/css/main.css
2011/11/08 23:20:01 [error] [exception.CHttpException.404] exception 'CHttpException' with message 'Unable to resolve the request "css/screen.css".' in /var/www/yii-1.1.8.r3324/framework/web/CWebApplication.php:281
Stack trace:
#0 /var/www/yii-1.1.8.r3324/framework/web/CWebApplication.php(136): CWebApplication->runController('css/screen.css')
#1 /var/www/yii-1.1.8.r3324/framework/base/CApplication.php(158): CWebApplication->processRequest()
#2 /var/www/PHPJobManager/index.php(13): CApplication->run()
#3 {main} REQUEST_URI=/css/screen.css
2011/11/08 23:20:01 [error] [exception.CHttpException.404] exception 'CHttpException' with message 'Unable to resolve the request "css/form.css".' in /var/www/yii-1.1.8.r3324/framework/web/CWebApplication.php:281
Stack trace:
#0 /var/www/yii-1.1.8.r3324/framework/web/CWebApplication.php(136): CWebApplication->runController('css/form.css')
#1 /var/www/yii-1.1.8.r3324/framework/base/CApplication.php(158): CWebApplication->processRequest()
#2 /var/www/PHPJobManager/index.php(13): CApplication->run()
#3 {main} REQUEST_URI=/css/form.css
2011/11/08 23:20:01 [error] [exception.CHttpException.404] exception 'CHttpException' with message 'Unable to resolve the request "css/print.css".' in /var/www/yii-1.1.8.r3324/framework/web/CWebApplication.php:281
Stack trace:
#0 /var/www/yii-1.1.8.r3324/framework/web/CWebApplication.php(136): CWebApplication->runController('css/print.css')
#1 /var/www/yii-1.1.8.r3324/framework/base/CApplication.php(158): CWebApplication->processRequest()
#2 /var/www/PHPJobManager/index.php(13): CApplication->run()
#3 {main} REQUEST_URI=/css/print.css
2011/11/08 23:20:01 [error] [exception.CHttpException.404] exception 'CHttpException' with message 'Unable to resolve the request "favicon.ico".' in /var/www/yii-1.1.8.r3324/framework/web/CWebApplication.php:281
Stack trace:
#0 /var/www/yii-1.1.8.r3324/framework/web/CWebApplication.php(136): CWebApplication->runController('favicon.ico')
#1 /var/www/yii-1.1.8.r3324/framework/base/CApplication.php(158): CWebApplication->processRequest()
#2 /var/www/PHPJobManager/index.php(13): CApplication->run()
#3 {main} REQUEST_URI=/favicon.ico
2011/11/08 23:20:03 [error] [exception.CHttpException.404] exception 'CHttpException' with message 'Unable to resolve the request "css/main.css".' in /var/www/yii-1.1.8.r3324/framework/web/CWebApplication.php:281
Stack trace:
#0 /var/www/yii-1.1.8.r3324/framework/web/CWebApplication.php(136): CWebApplication->runController('css/main.css')
#1 /var/www/yii-1.1.8.r3324/framework/base/CApplication.php(158): CWebApplication->processRequest()
#2 /var/www/PHPJobManager/index.php(13): CApplication->run()
#3 {main} REQUEST_URI=/css/main.css
2011/11/08 23:20:03 [error] [exception.CHttpException.404] exception 'CHttpException' with message 'Unable to resolve the request "css/form.css".' in /var/www/yii-1.1.8.r3324/framework/web/CWebApplication.php:281
Stack trace:
#0 /var/www/yii-1.1.8.r3324/framework/web/CWebApplication.php(136): CWebApplication->runController('css/form.css')
#1 /var/www/yii-1.1.8.r3324/framework/base/CApplication.php(158): CWebApplication->processRequest()
#2 /var/www/PHPJobManager/index.php(13): CApplication->run()
#3 {main} REQUEST_URI=/css/form.css
2011/11/08 23:20:03 [error] [exception.CHttpException.404] exception 'CHttpException' with message 'Unable to resolve the request "css/screen.css".' in /var/www/yii-1.1.8.r3324/framework/web/CWebApplication.php:281
Stack trace:
#0 /var/www/yii-1.1.8.r3324/framework/web/CWebApplication.php(136): CWebApplication->runController('css/screen.css')
#1 /var/www/yii-1.1.8.r3324/framework/base/CApplication.php(158): CWebApplication->processRequest()
#2 /var/www/PHPJobManager/index.php(13): CApplication->run()
#3 {main} REQUEST_URI=/css/screen.css
2011/11/08 23:20:03 [error] [exception.CHttpException.404] exception 'CHttpException' with message 'Unable to resolve the request "css/print.css".' in /var/www/yii-1.1.8.r3324/framework/web/CWebApplication.php:281
Stack trace:
#0 /var/www/yii-1.1.8.r3324/framework/web/CWebApplication.php(136): CWebApplication->runController('css/print.css')
#1 /var/www/yii-1.1.8.r3324/framework/base/CApplication.php(158): CWebApplication->processRequest()
#2 /var/www/PHPJobManager/index.php(13): CApplication->run()
#3 {main} REQUEST_URI=/css/print.css
2011/11/08 23:20:03 [error] [exception.CHttpException.404] exception 'CHttpException' with message 'Unable to resolve the request "favicon.ico".' in /var/www/yii-1.1.8.r3324/framework/web/CWebApplication.php:281
Stack trace:
#0 /var/www/yii-1.1.8.r3324/framework/web/CWebApplication.php(136): CWebApplication->runController('favicon.ico')
#1 /var/www/yii-1.1.8.r3324/framework/base/CApplication.php(158): CWebApplication->processRequest()
#2 /var/www/PHPJobManager/index.php(13): CApplication->run()
#3 {main} REQUEST_URI=/favicon.ico
2011/11/08 23:20:04 [error] [exception.CHttpException.404] exception 'CHttpException' with message 'Unable to resolve the request "css/main.css".' in /var/www/yii-1.1.8.r3324/framework/web/CWebApplication.php:281
Stack trace:
#0 /var/www/yii-1.1.8.r3324/framework/web/CWebApplication.php(136): CWebApplication->runController('css/main.css')
#1 /var/www/yii-1.1.8.r3324/framework/base/CApplication.php(158): CWebApplication->processRequest()
#2 /var/www/PHPJobManager/index.php(13): CApplication->run()
#3 {main} REQUEST_URI=/css/main.css
2011/11/08 23:20:04 [error] [exception.CHttpException.404] exception 'CHttpException' with message 'Unable to resolve the request "css/screen.css".' in /var/www/yii-1.1.8.r3324/framework/web/CWebApplication.php:281
Stack trace:
#0 /var/www/yii-1.1.8.r3324/framework/web/CWebApplication.php(136): CWebApplication->runController('css/screen.css')
#1 /var/www/yii-1.1.8.r3324/framework/base/CApplication.php(158): CWebApplication->processRequest()
#2 /var/www/PHPJobManager/index.php(13): CApplication->run()
#3 {main} REQUEST_URI=/css/screen.css
2011/11/08 23:20:04 [error] [exception.CHttpException.404] exception 'CHttpException' with message 'Unable to resolve the request "css/form.css".' in /var/www/yii-1.1.8.r3324/framework/web/CWebApplication.php:281
Stack trace:
#0 /var/www/yii-1.1.8.r3324/framework/web/CWebApplication.php(136): CWebApplication->runController('css/form.css')
#1 /var/www/yii-1.1.8.r3324/framework/base/CApplication.php(158): CWebApplication->processRequest()
#2 /var/www/PHPJobManager/index.php(13): CApplication->run()
#3 {main} REQUEST_URI=/css/form.css
2011/11/08 23:20:04 [error] [exception.CHttpException.404] exception 'CHttpException' with message 'Unable to resolve the request "css/print.css".' in /var/www/yii-1.1.8.r3324/framework/web/CWebApplication.php:281
Stack trace:
#0 /var/www/yii-1.1.8.r3324/framework/web/CWebApplication.php(136): CWebApplication->runController('css/print.css')
#1 /var/www/yii-1.1.8.r3324/framework/base/CApplication.php(158): CWebApplication->processRequest()
#2 /var/www/PHPJobManager/index.php(13): CApplication->run()
#3 {main} REQUEST_URI=/css/print.css
2011/11/08 23:20:04 [error] [exception.CHttpException.404] exception 'CHttpException' with message 'Unable to resolve the request "favicon.ico".' in /var/www/yii-1.1.8.r3324/framework/web/CWebApplication.php:281
Stack trace:
#0 /var/www/yii-1.1.8.r3324/framework/web/CWebApplication.php(136): CWebApplication->runController('favicon.ico')
#1 /var/www/yii-1.1.8.r3324/framework/base/CApplication.php(158): CWebApplication->processRequest()
#2 /var/www/PHPJobManager/index.php(13): CApplication->run()
#3 {main} REQUEST_URI=/favicon.ico
2011/11/08 23:28:58 [error] [exception.CHttpException.404] exception 'CHttpException' with message 'Unable to resolve the request "css/form.css".' in /var/www/yii-1.1.8.r3324/framework/web/CWebApplication.php:281
Stack trace:
#0 /var/www/yii-1.1.8.r3324/framework/web/CWebApplication.php(136): CWebApplication->runController('css/form.css')
#1 /var/www/yii-1.1.8.r3324/framework/base/CApplication.php(158): CWebApplication->processRequest()
#2 /var/www/PHPJobManager/index.php(13): CApplication->run()
#3 {main} REQUEST_URI=/css/form.css
2011/11/08 23:28:58 [error] [exception.CHttpException.404] exception 'CHttpException' with message 'Unable to resolve the request "css/main.css".' in /var/www/yii-1.1.8.r3324/framework/web/CWebApplication.php:281
Stack trace:
#0 /var/www/yii-1.1.8.r3324/framework/web/CWebApplication.php(136): CWebApplication->runController('css/main.css')
#1 /var/www/yii-1.1.8.r3324/framework/base/CApplication.php(158): CWebApplication->processRequest()
#2 /var/www/PHPJobManager/index.php(13): CApplication->run()
#3 {main} REQUEST_URI=/css/main.css
2011/11/08 23:28:58 [error] [exception.CHttpException.404] exception 'CHttpException' with message 'Unable to resolve the request "css/screen.css".' in /var/www/yii-1.1.8.r3324/framework/web/CWebApplication.php:281
Stack trace:
#0 /var/www/yii-1.1.8.r3324/framework/web/CWebApplication.php(136): CWebApplication->runController('css/screen.css')
#1 /var/www/yii-1.1.8.r3324/framework/base/CApplication.php(158): CWebApplication->processRequest()
#2 /var/www/PHPJobManager/index.php(13): CApplication->run()
#3 {main} REQUEST_URI=/css/screen.css
2011/11/08 23:28:58 [error] [exception.CHttpException.404] exception 'CHttpException' with message 'Unable to resolve the request "css/print.css".' in /var/www/yii-1.1.8.r3324/framework/web/CWebApplication.php:281
Stack trace:
#0 /var/www/yii-1.1.8.r3324/framework/web/CWebApplication.php(136): CWebApplication->runController('css/print.css')
#1 /var/www/yii-1.1.8.r3324/framework/base/CApplication.php(158): CWebApplication->processRequest()
#2 /var/www/PHPJobManager/index.php(13): CApplication->run()
#3 {main} REQUEST_URI=/css/print.css
2011/11/08 23:28:58 [error] [exception.CHttpException.404] exception 'CHttpException' with message 'Unable to resolve the request "favicon.ico".' in /var/www/yii-1.1.8.r3324/framework/web/CWebApplication.php:281
Stack trace:
#0 /var/www/yii-1.1.8.r3324/framework/web/CWebApplication.php(136): CWebApplication->runController('favicon.ico')
#1 /var/www/yii-1.1.8.r3324/framework/base/CApplication.php(158): CWebApplication->processRequest()
#2 /var/www/PHPJobManager/index.php(13): CApplication->run()
#3 {main} REQUEST_URI=/favicon.ico
2011/11/08 23:34:19 [error] [exception.CHttpException.404] exception 'CHttpException' with message 'The requested view "asdfsfbout" was not found.' in /var/www/yii-1.1.8.r3324/framework/web/actions/CViewAction.php:110
Stack trace:
#0 /var/www/yii-1.1.8.r3324/framework/web/actions/CViewAction.php(121): CViewAction->resolveView('asdfsfbout')
#1 /var/www/yii-1.1.8.r3324/framework/web/actions/CAction.php(72): CViewAction->run()
#2 /var/www/yii-1.1.8.r3324/framework/web/CController.php(300): CAction->runWithParams(Array)
#3 /var/www/yii-1.1.8.r3324/framework/web/CController.php(278): CController->runAction(Object(CViewAction))
#4 /var/www/yii-1.1.8.r3324/framework/web/CController.php(257): CController->runActionWithFilters(Object(CViewAction), Array)
#5 /var/www/yii-1.1.8.r3324/framework/web/CWebApplication.php(277): CController->run('page')
#6 /var/www/yii-1.1.8.r3324/framework/web/CWebApplication.php(136): CWebApplication->runController('site/page')
#7 /var/www/yii-1.1.8.r3324/framework/base/CApplication.php(158): CWebApplication->processRequest()
#8 /var/www/PHPJobManager/index.php(13): CApplication->run()
#9 {main} REQUEST_URI=/site/page?view=asdfsfbout
2011/11/08 23:34:19 [error] [exception.CHttpException.404] exception 'CHttpException' with message 'Unable to resolve the request "css/screen.css".' in /var/www/yii-1.1.8.r3324/framework/web/CWebApplication.php:281
Stack trace:
#0 /var/www/yii-1.1.8.r3324/framework/web/CWebApplication.php(136): CWebApplication->runController('css/screen.css')
#1 /var/www/yii-1.1.8.r3324/framework/base/CApplication.php(158): CWebApplication->processRequest()
#2 /var/www/PHPJobManager/index.php(13): CApplication->run()
#3 {main} REQUEST_URI=/css/screen.css
2011/11/08 23:34:19 [error] [exception.CHttpException.404] exception 'CHttpException' with message 'Unable to resolve the request "css/main.css".' in /var/www/yii-1.1.8.r3324/framework/web/CWebApplication.php:281
Stack trace:
#0 /var/www/yii-1.1.8.r3324/framework/web/CWebApplication.php(136): CWebApplication->runController('css/main.css')
#1 /var/www/yii-1.1.8.r3324/framework/base/CApplication.php(158): CWebApplication->processRequest()
#2 /var/www/PHPJobManager/index.php(13): CApplication->run()
#3 {main} REQUEST_URI=/css/main.css
2011/11/08 23:34:19 [error] [exception.CHttpException.404] exception 'CHttpException' with message 'Unable to resolve the request "css/form.css".' in /var/www/yii-1.1.8.r3324/framework/web/CWebApplication.php:281
Stack trace:
#0 /var/www/yii-1.1.8.r3324/framework/web/CWebApplication.php(136): CWebApplication->runController('css/form.css')
#1 /var/www/yii-1.1.8.r3324/framework/base/CApplication.php(158): CWebApplication->processRequest()
#2 /var/www/PHPJobManager/index.php(13): CApplication->run()
#3 {main} REQUEST_URI=/css/form.css
2011/11/08 23:34:19 [error] [exception.CHttpException.404] exception 'CHttpException' with message 'Unable to resolve the request "css/print.css".' in /var/www/yii-1.1.8.r3324/framework/web/CWebApplication.php:281
Stack trace:
#0 /var/www/yii-1.1.8.r3324/framework/web/CWebApplication.php(136): CWebApplication->runController('css/print.css')
#1 /var/www/yii-1.1.8.r3324/framework/base/CApplication.php(158): CWebApplication->processRequest()
#2 /var/www/PHPJobManager/index.php(13): CApplication->run()
#3 {main} REQUEST_URI=/css/print.css
2011/11/08 23:34:19 [error] [exception.CHttpException.404] exception 'CHttpException' with message 'Unable to resolve the request "favicon.ico".' in /var/www/yii-1.1.8.r3324/framework/web/CWebApplication.php:281
Stack trace:
#0 /var/www/yii-1.1.8.r3324/framework/web/CWebApplication.php(136): CWebApplication->runController('favicon.ico')
#1 /var/www/yii-1.1.8.r3324/framework/base/CApplication.php(158): CWebApplication->processRequest()
#2 /var/www/PHPJobManager/index.php(13): CApplication->run()
#3 {main} REQUEST_URI=/favicon.ico
2011/11/08 23:34:22 [error] [exception.CHttpException.404] exception 'CHttpException' with message 'Unable to resolve the request "fghfh".' in /var/www/yii-1.1.8.r3324/framework/web/CWebApplication.php:281
Stack trace:
#0 /var/www/yii-1.1.8.r3324/framework/web/CWebApplication.php(136): CWebApplication->runController('fghfh')
#1 /var/www/yii-1.1.8.r3324/framework/base/CApplication.php(158): CWebApplication->processRequest()
#2 /var/www/PHPJobManager/index.php(13): CApplication->run()
#3 {main} REQUEST_URI=/fghfh
2011/11/08 23:34:22 [error] [exception.CHttpException.404] exception 'CHttpException' with message 'Unable to resolve the request "css/form.css".' in /var/www/yii-1.1.8.r3324/framework/web/CWebApplication.php:281
Stack trace:
#0 /var/www/yii-1.1.8.r3324/framework/web/CWebApplication.php(136): CWebApplication->runController('css/form.css')
#1 /var/www/yii-1.1.8.r3324/framework/base/CApplication.php(158): CWebApplication->processRequest()
#2 /var/www/PHPJobManager/index.php(13): CApplication->run()
#3 {main} REQUEST_URI=/css/form.css
2011/11/08 23:34:22 [error] [exception.CHttpException.404] exception 'CHttpException' with message 'Unable to resolve the request "css/main.css".' in /var/www/yii-1.1.8.r3324/framework/web/CWebApplication.php:281
Stack trace:
#0 /var/www/yii-1.1.8.r3324/framework/web/CWebApplication.php(136): CWebApplication->runController('css/main.css')
#1 /var/www/yii-1.1.8.r3324/framework/base/CApplication.php(158): CWebApplication->processRequest()
#2 /var/www/PHPJobManager/index.php(13): CApplication->run()
#3 {main} REQUEST_URI=/css/main.css
2011/11/08 23:34:22 [error] [exception.CHttpException.404] exception 'CHttpException' with message 'Unable to resolve the request "css/screen.css".' in /var/www/yii-1.1.8.r3324/framework/web/CWebApplication.php:281
Stack trace:
#0 /var/www/yii-1.1.8.r3324/framework/web/CWebApplication.php(136): CWebApplication->runController('css/screen.css')
#1 /var/www/yii-1.1.8.r3324/framework/base/CApplication.php(158): CWebApplication->processRequest()
#2 /var/www/PHPJobManager/index.php(13): CApplication->run()
#3 {main} REQUEST_URI=/css/screen.css
2011/11/08 23:34:22 [error] [exception.CHttpException.404] exception 'CHttpException' with message 'Unable to resolve the request "css/print.css".' in /var/www/yii-1.1.8.r3324/framework/web/CWebApplication.php:281
Stack trace:
#0 /var/www/yii-1.1.8.r3324/framework/web/CWebApplication.php(136): CWebApplication->runController('css/print.css')
#1 /var/www/yii-1.1.8.r3324/framework/base/CApplication.php(158): CWebApplication->processRequest()
#2 /var/www/PHPJobManager/index.php(13): CApplication->run()
#3 {main} REQUEST_URI=/css/print.css
2011/11/08 23:34:22 [error] [exception.CHttpException.404] exception 'CHttpException' with message 'Unable to resolve the request "favicon.ico".' in /var/www/yii-1.1.8.r3324/framework/web/CWebApplication.php:281
Stack trace:
#0 /var/www/yii-1.1.8.r3324/framework/web/CWebApplication.php(136): CWebApplication->runController('favicon.ico')
#1 /var/www/yii-1.1.8.r3324/framework/base/CApplication.php(158): CWebApplication->processRequest()
#2 /var/www/PHPJobManager/index.php(13): CApplication->run()
#3 {main} REQUEST_URI=/favicon.ico
2011/11/08 23:36:22 [error] [exception.CHttpException.404] exception 'CHttpException' with message 'Unable to resolve the request "fghfh".' in /var/www/yii-1.1.8.r3324/framework/web/CWebApplication.php:281
Stack trace:
#0 /var/www/yii-1.1.8.r3324/framework/web/CWebApplication.php(136): CWebApplication->runController('fghfh')
#1 /var/www/yii-1.1.8.r3324/framework/base/CApplication.php(158): CWebApplication->processRequest()
#2 /var/www/PHPJobManager/index.php(13): CApplication->run()
#3 {main} REQUEST_URI=/fghfh
2011/11/08 23:36:22 [error] [exception.CHttpException.404] exception 'CHttpException' with message 'Unable to resolve the request "css/screen.css".' in /var/www/yii-1.1.8.r3324/framework/web/CWebApplication.php:281
Stack trace:
#0 /var/www/yii-1.1.8.r3324/framework/web/CWebApplication.php(136): CWebApplication->runController('css/screen.css')
#1 /var/www/yii-1.1.8.r3324/framework/base/CApplication.php(158): CWebApplication->processRequest()
#2 /var/www/PHPJobManager/index.php(13): CApplication->run()
#3 {main} REQUEST_URI=/css/screen.css
2011/11/08 23:36:22 [error] [exception.CHttpException.404] exception 'CHttpException' with message 'Unable to resolve the request "css/main.css".' in /var/www/yii-1.1.8.r3324/framework/web/CWebApplication.php:281
Stack trace:
#0 /var/www/yii-1.1.8.r3324/framework/web/CWebApplication.php(136): CWebApplication->runController('css/main.css')
#1 /var/www/yii-1.1.8.r3324/framework/base/CApplication.php(158): CWebApplication->processRequest()
#2 /var/www/PHPJobManager/index.php(13): CApplication->run()
#3 {main} REQUEST_URI=/css/main.css
2011/11/08 23:36:22 [error] [exception.CHttpException.404] exception 'CHttpException' with message 'Unable to resolve the request "css/form.css".' in /var/www/yii-1.1.8.r3324/framework/web/CWebApplication.php:281
Stack trace:
#0 /var/www/yii-1.1.8.r3324/framework/web/CWebApplication.php(136): CWebApplication->runController('css/form.css')
#1 /var/www/yii-1.1.8.r3324/framework/base/CApplication.php(158): CWebApplication->processRequest()
#2 /var/www/PHPJobManager/index.php(13): CApplication->run()
#3 {main} REQUEST_URI=/css/form.css
2011/11/08 23:36:22 [error] [exception.CHttpException.404] exception 'CHttpException' with message 'Unable to resolve the request "css/print.css".' in /var/www/yii-1.1.8.r3324/framework/web/CWebApplication.php:281
Stack trace:
#0 /var/www/yii-1.1.8.r3324/framework/web/CWebApplication.php(136): CWebApplication->runController('css/print.css')
#1 /var/www/yii-1.1.8.r3324/framework/base/CApplication.php(158): CWebApplication->processRequest()
#2 /var/www/PHPJobManager/index.php(13): CApplication->run()
#3 {main} REQUEST_URI=/css/print.css
2011/11/08 23:36:22 [error] [exception.CHttpException.404] exception 'CHttpException' with message 'Unable to resolve the request "favicon.ico".' in /var/www/yii-1.1.8.r3324/framework/web/CWebApplication.php:281
Stack trace:
#0 /var/www/yii-1.1.8.r3324/framework/web/CWebApplication.php(136): CWebApplication->runController('favicon.ico')
#1 /var/www/yii-1.1.8.r3324/framework/base/CApplication.php(158): CWebApplication->processRequest()
#2 /var/www/PHPJobManager/index.php(13): CApplication->run()
#3 {main} REQUEST_URI=/favicon.ico
2011/11/08 23:42:22 [error] [exception.CHttpException.404] exception 'CHttpException' with message 'Unable to resolve the request "fghfh".' in /var/www/yii-1.1.8.r3324/framework/web/CWebApplication.php:281
Stack trace:
#0 /var/www/yii-1.1.8.r3324/framework/web/CWebApplication.php(136): CWebApplication->runController('fghfh')
#1 /var/www/yii-1.1.8.r3324/framework/base/CApplication.php(158): CWebApplication->processRequest()
#2 /var/www/PHPJobManager/index.php(13): CApplication->run()
#3 {main} REQUEST_URI=/fghfh
2011/11/08 23:42:22 [error] [exception.CHttpException.404] exception 'CHttpException' with message 'Unable to resolve the request "js/libs/modernizr-2.0.6.min.js".' in /var/www/yii-1.1.8.r3324/framework/web/CWebApplication.php:281
Stack trace:
#0 /var/www/yii-1.1.8.r3324/framework/web/CWebApplication.php(136): CWebApplication->runController('js/libs/moderni...')
#1 /var/www/yii-1.1.8.r3324/framework/base/CApplication.php(158): CWebApplication->processRequest()
#2 /var/www/PHPJobManager/index.php(13): CApplication->run()
#3 {main} REQUEST_URI=/js/libs/modernizr-2.0.6.min.js
2011/11/08 23:42:24 [error] [exception.CHttpException.404] exception 'CHttpException' with message 'Unable to resolve the request "js/libs/modernizr-2.0.6.min.js".' in /var/www/yii-1.1.8.r3324/framework/web/CWebApplication.php:281
Stack trace:
#0 /var/www/yii-1.1.8.r3324/framework/web/CWebApplication.php(136): CWebApplication->runController('js/libs/moderni...')
#1 /var/www/yii-1.1.8.r3324/framework/base/CApplication.php(158): CWebApplication->processRequest()
#2 /var/www/PHPJobManager/index.php(13): CApplication->run()
#3 {main} REQUEST_URI=/js/libs/modernizr-2.0.6.min.js
2011/11/08 23:42:26 [error] [exception.CHttpException.404] exception 'CHttpException' with message 'Unable to resolve the request "js/libs/modernizr-2.0.6.min.js".' in /var/www/yii-1.1.8.r3324/framework/web/CWebApplication.php:281
Stack trace:
#0 /var/www/yii-1.1.8.r3324/framework/web/CWebApplication.php(136): CWebApplication->runController('js/libs/moderni...')
#1 /var/www/yii-1.1.8.r3324/framework/base/CApplication.php(158): CWebApplication->processRequest()
#2 /var/www/PHPJobManager/index.php(13): CApplication->run()
#3 {main} REQUEST_URI=/js/libs/modernizr-2.0.6.min.js
2011/11/08 23:43:58 [error] [exception.CHttpException.404] exception 'CHttpException' with message 'Unable to resolve the request "js/libs/modernizr-2.0.6.min.js".' in /var/www/yii-1.1.8.r3324/framework/web/CWebApplication.php:281
Stack trace:
#0 /var/www/yii-1.1.8.r3324/framework/web/CWebApplication.php(136): CWebApplication->runController('js/libs/moderni...')
#1 /var/www/yii-1.1.8.r3324/framework/base/CApplication.php(158): CWebApplication->processRequest()
#2 /var/www/PHPJobManager/index.php(13): CApplication->run()
#3 {main} REQUEST_URI=/js/libs/modernizr-2.0.6.min.js
2011/11/10 20:03:39 [error] [exception.CHttpException.404] exception 'CHttpException' with message 'Unable to resolve the request "js/libs/modernizr-2.0.6.min.js".' in /var/www/yii-1.1.8.r3324/framework/web/CWebApplication.php:281
Stack trace:
#0 /var/www/yii-1.1.8.r3324/framework/web/CWebApplication.php(136): CWebApplication->runController('js/libs/moderni...')
#1 /var/www/yii-1.1.8.r3324/framework/base/CApplication.php(158): CWebApplication->processRequest()
#2 /var/www/PHPJobManager/index.php(13): CApplication->run()
#3 {main} REQUEST_URI=/js/libs/modernizr-2.0.6.min.js
2011/11/13 19:32:51 [error] [exception.CHttpException.404] exception 'CHttpException' with message 'Unable to resolve the request "js/libs/modernizr-2.0.6.min.js".' in /var/www/yii-1.1.8.r3324/framework/web/CWebApplication.php:281
Stack trace:
#0 /var/www/yii-1.1.8.r3324/framework/web/CWebApplication.php(136): CWebApplication->runController('js/libs/moderni...')
#1 /var/www/yii-1.1.8.r3324/framework/base/CApplication.php(158): CWebApplication->processRequest()
#2 /var/www/PHPJobManager/index.php(13): CApplication->run()
#3 {main} REQUEST_URI=/js/libs/modernizr-2.0.6.min.js
